<?xml version="1.0" encoding="UTF-8"?>
<coverage generated="1773794549790" clover="3.2.0">
  <project timestamp="1773794549791" name="All files">
    <metrics statements="49" coveredstatements="42" conditionals="16" coveredconditionals="13" methods="11" coveredmethods="8" elements="76" coveredelements="63" complexity="0" loc="49" ncloc="49" packages="1" files="1" classes="1"/>
    <file name="app.js" path="/var/lib/jenkins/workspace/todo-app/app.js">
      <metrics statements="49" coveredstatements="42" conditionals="16" coveredconditionals="13" methods="11" coveredmethods="8"/>
      <line num="1" count="1" type="stmt"/>
      <line num="2" count="1" type="stmt"/>
      <line num="4" count="1" type="stmt"/>
      <line num="5" count="1" type="cond" truecount="2" falsecount="0"/>
      <line num="8" count="1" type="stmt"/>
      <line num="9" count="1" type="stmt"/>
      <line num="12" count="1" type="stmt"/>
      <line num="13" count="1" type="stmt"/>
      <line num="16" count="1" type="stmt"/>
      <line num="17" count="10" type="stmt"/>
      <line num="18" count="10" type="stmt"/>
      <line num="22" count="1" type="stmt"/>
      <line num="23" count="1" type="stmt"/>
      <line num="27" count="1" type="stmt"/>
      <line num="28" count="4" type="stmt"/>
      <line num="30" count="4" type="cond" truecount="4" falsecount="0"/>
      <line num="31" count="1" type="stmt"/>
      <line num="34" count="3" type="stmt"/>
      <line num="41" count="3" type="stmt"/>
      <line num="42" count="3" type="stmt"/>
      <line num="46" count="1" type="stmt"/>
      <line num="47" count="2" type="stmt"/>
      <line num="49" count="2" type="cond" truecount="1" falsecount="1"/>
      <line num="50" count="0" type="stmt"/>
      <line num="53" count="4" type="stmt"/>
      <line num="55" count="2" type="cond" truecount="2" falsecount="0"/>
      <line num="56" count="1" type="stmt"/>
      <line num="59" count="1" type="stmt"/>
      <line num="60" count="1" type="stmt"/>
      <line num="64" count="1" type="stmt"/>
      <line num="65" count="2" type="stmt"/>
      <line num="67" count="2" type="cond" truecount="1" falsecount="1"/>
      <line num="68" count="0" type="stmt"/>
      <line num="71" count="5" type="stmt"/>
      <line num="73" count="2" type="cond" truecount="2" falsecount="0"/>
      <line num="74" count="1" type="stmt"/>
      <line num="77" count="1" type="stmt"/>
      <line num="78" count="1" type="stmt"/>
      <line num="82" count="1" type="stmt"/>
      <line num="83" count="1" type="stmt"/>
      <line num="91" count="1" type="stmt"/>
      <line num="92" count="0" type="stmt"/>
      <line num="96" count="1" type="stmt"/>
      <line num="97" count="0" type="stmt"/>
      <line num="98" count="0" type="stmt"/>
      <line num="102" count="1" type="stmt"/>
      <line num="105" count="1" type="cond" truecount="1" falsecount="1"/>
      <line num="106" count="0" type="stmt"/>
      <line num="107" count="0" type="stmt"/>
    </file>
  </project>
</coverage>
