{"/var/www/todoapp/app.js": {"path":"/var/www/todoapp/app.js","statementMap":{"0":{"start":{"line":1,"column":16},"end":{"line":1,"column":34}},"1":{"start":{"line":2,"column":13},"end":{"line":2,"column":28}},"2":{"start":{"line":4,"column":12},"end":{"line":4,"column":21}},"3":{"start":{"line":5,"column":13},"end":{"line":5,"column":37}},"4":{"start":{"line":8,"column":12},"end":{"line":8,"column":14}},"5":{"start":{"line":9,"column":13},"end":{"line":9,"column":14}},"6":{"start":{"line":12,"column":0},"end":{"line":12,"column":24}},"7":{"start":{"line":13,"column":0},"end":{"line":13,"column":56}},"8":{"start":{"line":16,"column":0},"end":{"line":19,"column":3}},"9":{"start":{"line":17,"column":2},"end":{"line":17,"column":42}},"10":{"start":{"line":18,"column":2},"end":{"line":18,"column":9}},"11":{"start":{"line":22,"column":0},"end":{"line":24,"column":3}},"12":{"start":{"line":23,"column":2},"end":{"line":23,"column":18}},"13":{"start":{"line":27,"column":0},"end":{"line":43,"column":3}},"14":{"start":{"line":28,"column":19},"end":{"line":28,"column":27}},"15":{"start":{"line":30,"column":2},"end":{"line":32,"column":3}},"16":{"start":{"line":31,"column":4},"end":{"line":31,"column":68}},"17":{"start":{"line":34,"column":15},"end":{"line":39,"column":3}},"18":{"start":{"line":41,"column":2},"end":{"line":41,"column":19}},"19":{"start":{"line":42,"column":2},"end":{"line":42,"column":29}},"20":{"start":{"line":46,"column":0},"end":{"line":61,"column":3}},"21":{"start":{"line":47,"column":13},"end":{"line":47,"column":40}},"22":{"start":{"line":49,"column":2},"end":{"line":51,"column":3}},"23":{"start":{"line":50,"column":4},"end":{"line":50,"column":57}},"24":{"start":{"line":53,"column":15},"end":{"line":53,"column":43}},"25":{"start":{"line":53,"column":31},"end":{"line":53,"column":42}},"26":{"start":{"line":55,"column":2},"end":{"line":57,"column":3}},"27":{"start":{"line":56,"column":4},"end":{"line":56,"column":61}},"28":{"start":{"line":59,"column":2},"end":{"line":59,"column":35}},"29":{"start":{"line":60,"column":2},"end":{"line":60,"column":17}},"30":{"start":{"line":64,"column":0},"end":{"line":79,"column":3}},"31":{"start":{"line":65,"column":13},"end":{"line":65,"column":40}},"32":{"start":{"line":67,"column":2},"end":{"line":69,"column":3}},"33":{"start":{"line":68,"column":4},"end":{"line":68,"column":57}},"34":{"start":{"line":71,"column":16},"end":{"line":71,"column":49}},"35":{"start":{"line":71,"column":37},"end":{"line":71,"column":48}},"36":{"start":{"line":73,"column":2},"end":{"line":75,"column":3}},"37":{"start":{"line":74,"column":4},"end":{"line":74,"column":61}},"38":{"start":{"line":77,"column":2},"end":{"line":77,"column":25}},"39":{"start":{"line":78,"column":2},"end":{"line":78,"column":53}},"40":{"start":{"line":82,"column":0},"end":{"line":88,"column":3}},"41":{"start":{"line":83,"column":2},"end":{"line":87,"column":5}},"42":{"start":{"line":91,"column":0},"end":{"line":93,"column":3}},"43":{"start":{"line":92,"column":2},"end":{"line":92,"column":53}},"44":{"start":{"line":96,"column":0},"end":{"line":99,"column":3}},"45":{"start":{"line":97,"column":2},"end":{"line":97,"column":27}},"46":{"start":{"line":98,"column":2},"end":{"line":98,"column":59}},"47":{"start":{"line":102,"column":0},"end":{"line":102,"column":21}},"48":{"start":{"line":105,"column":0},"end":{"line":109,"column":1}},"49":{"start":{"line":106,"column":2},"end":{"line":108,"column":5}},"50":{"start":{"line":107,"column":4},"end":{"line":107,"column":55}}},"fnMap":{"0":{"name":"(anonymous_0)","decl":{"start":{"line":16,"column":8},"end":{"line":16,"column":9}},"loc":{"start":{"line":16,"column":28},"end":{"line":19,"column":1}},"line":16},"1":{"name":"(anonymous_1)","decl":{"start":{"line":22,"column":22},"end":{"line":22,"column":23}},"loc":{"start":{"line":22,"column":36},"end":{"line":24,"column":1}},"line":22},"2":{"name":"(anonymous_2)","decl":{"start":{"line":27,"column":23},"end":{"line":27,"column":24}},"loc":{"start":{"line":27,"column":37},"end":{"line":43,"column":1}},"line":27},"3":{"name":"(anonymous_3)","decl":{"start":{"line":46,"column":26},"end":{"line":46,"column":27}},"loc":{"start":{"line":46,"column":40},"end":{"line":61,"column":1}},"line":46},"4":{"name":"(anonymous_4)","decl":{"start":{"line":53,"column":26},"end":{"line":53,"column":27}},"loc":{"start":{"line":53,"column":31},"end":{"line":53,"column":42}},"line":53},"5":{"name":"(anonymous_5)","decl":{"start":{"line":64,"column":29},"end":{"line":64,"column":30}},"loc":{"start":{"line":64,"column":43},"end":{"line":79,"column":1}},"line":64},"6":{"name":"(anonymous_6)","decl":{"start":{"line":71,"column":32},"end":{"line":71,"column":33}},"loc":{"start":{"line":71,"column":37},"end":{"line":71,"column":48}},"line":71},"7":{"name":"(anonymous_7)","decl":{"start":{"line":82,"column":19},"end":{"line":82,"column":20}},"loc":{"start":{"line":82,"column":33},"end":{"line":88,"column":1}},"line":82},"8":{"name":"(anonymous_8)","decl":{"start":{"line":91,"column":8},"end":{"line":91,"column":9}},"loc":{"start":{"line":91,"column":22},"end":{"line":93,"column":1}},"line":91},"9":{"name":"(anonymous_9)","decl":{"start":{"line":96,"column":8},"end":{"line":96,"column":9}},"loc":{"start":{"line":96,"column":33},"end":{"line":99,"column":1}},"line":96},"10":{"name":"(anonymous_10)","decl":{"start":{"line":106,"column":19},"end":{"line":106,"column":20}},"loc":{"start":{"line":106,"column":25},"end":{"line":108,"column":3}},"line":106}},"branchMap":{"0":{"loc":{"start":{"line":5,"column":13},"end":{"line":5,"column":37}},"type":"binary-expr","locations":[{"start":{"line":5,"column":13},"end":{"line":5,"column":29}},{"start":{"line":5,"column":33},"end":{"line":5,"column":37}}],"line":5},"1":{"loc":{"start":{"line":30,"column":2},"end":{"line":32,"column":3}},"type":"if","locations":[{"start":{"line":30,"column":2},"end":{"line":32,"column":3}},{"start":{},"end":{}}],"line":30},"2":{"loc":{"start":{"line":30,"column":6},"end":{"line":30,"column":33}},"type":"binary-expr","locations":[{"start":{"line":30,"column":6},"end":{"line":30,"column":11}},{"start":{"line":30,"column":15},"end":{"line":30,"column":33}}],"line":30},"3":{"loc":{"start":{"line":49,"column":2},"end":{"line":51,"column":3}},"type":"if","locations":[{"start":{"line":49,"column":2},"end":{"line":51,"column":3}},{"start":{},"end":{}}],"line":49},"4":{"loc":{"start":{"line":55,"column":2},"end":{"line":57,"column":3}},"type":"if","locations":[{"start":{"line":55,"column":2},"end":{"line":57,"column":3}},{"start":{},"end":{}}],"line":55},"5":{"loc":{"start":{"line":67,"column":2},"end":{"line":69,"column":3}},"type":"if","locations":[{"start":{"line":67,"column":2},"end":{"line":69,"column":3}},{"start":{},"end":{}}],"line":67},"6":{"loc":{"start":{"line":73,"column":2},"end":{"line":75,"column":3}},"type":"if","locations":[{"start":{"line":73,"column":2},"end":{"line":75,"column":3}},{"start":{},"end":{}}],"line":73},"7":{"loc":{"start":{"line":105,"column":0},"end":{"line":109,"column":1}},"type":"if","locations":[{"start":{"line":105,"column":0},"end":{"line":109,"column":1}},{"start":{},"end":{}}],"line":105}},"s":{"0":1,"1":1,"2":1,"3":1,"4":1,"5":1,"6":1,"7":1,"8":1,"9":10,"10":10,"11":1,"12":1,"13":1,"14":4,"15":4,"16":1,"17":3,"18":3,"19":3,"20":1,"21":2,"22":2,"23":0,"24":2,"25":4,"26":2,"27":1,"28":1,"29":1,"30":1,"31":2,"32":2,"33":0,"34":2,"35":5,"36":2,"37":1,"38":1,"39":1,"40":1,"41":1,"42":1,"43":0,"44":1,"45":0,"46":0,"47":1,"48":1,"49":0,"50":0},"f":{"0":10,"1":1,"2":4,"3":2,"4":4,"5":2,"6":5,"7":1,"8":0,"9":0,"10":0},"b":{"0":[1,1],"1":[1,3],"2":[4,3],"3":[0,2],"4":[1,1],"5":[0,2],"6":[1,1],"7":[0,1]},"_coverageSchema":"1a1c01bbd47fc00a2c39e90264f33305004495a9","hash":"b81566b99748c31e244bbeb106d266ffab34dcce"}
}
