TN:
SF:app.js
FN:16,(anonymous_0)
FN:22,(anonymous_1)
FN:27,(anonymous_2)
FN:46,(anonymous_3)
FN:53,(anonymous_4)
FN:64,(anonymous_5)
FN:71,(anonymous_6)
FN:82,(anonymous_7)
FN:91,(anonymous_8)
FN:96,(anonymous_9)
FN:106,(anonymous_10)
FNF:11
FNH:8
FNDA:10,(anonymous_0)
FNDA:1,(anonymous_1)
FNDA:4,(anonymous_2)
FNDA:2,(anonymous_3)
FNDA:4,(anonymous_4)
FNDA:2,(anonymous_5)
FNDA:5,(anonymous_6)
FNDA:1,(anonymous_7)
FNDA:0,(anonymous_8)
FNDA:0,(anonymous_9)
FNDA:0,(anonymous_10)
DA:1,1
DA:2,1
DA:4,1
DA:5,1
DA:8,1
DA:9,1
DA:12,1
DA:13,1
DA:16,1
DA:17,10
DA:18,10
DA:22,1
DA:23,1
DA:27,1
DA:28,4
DA:30,4
DA:31,1
DA:34,3
DA:41,3
DA:42,3
DA:46,1
DA:47,2
DA:49,2
DA:50,0
DA:53,4
DA:55,2
DA:56,1
DA:59,1
DA:60,1
DA:64,1
DA:65,2
DA:67,2
DA:68,0
DA:71,5
DA:73,2
DA:74,1
DA:77,1
DA:78,1
DA:82,1
DA:83,1
DA:91,1
DA:92,0
DA:96,1
DA:97,0
DA:98,0
DA:102,1
DA:105,1
DA:106,0
DA:107,0
LF:49
LH:42
BRDA:5,0,0,1
BRDA:5,0,1,1
BRDA:30,1,0,1
BRDA:30,1,1,3
BRDA:30,2,0,4
BRDA:30,2,1,3
BRDA:49,3,0,0
BRDA:49,3,1,2
BRDA:55,4,0,1
BRDA:55,4,1,1
BRDA:67,5,0,0
BRDA:67,5,1,2
BRDA:73,6,0,1
BRDA:73,6,1,1
BRDA:105,7,0,0
BRDA:105,7,1,1
BRF:16
BRH:13
end_of_record
